2025-03-09 14:53:59,719 - INFO - Yeni sohbet baþlatýldý: Chat 1
2025-03-09 14:54:02,966 - INFO - Kullanýcýdan gelen istek: sa
2025-03-09 14:54:04,154 - INFO - \u2705 API isteði alýndý: ID 9668715d-8d92-4e4d-b426-e59327bda294-e1
2025-03-09 14:54:04,805 - INFO - \u23f3 API iþlemi devam ediyor... (IN_QUEUE)
2025-03-09 14:54:08,503 - INFO - \u23f3 API iþlemi devam ediyor... (IN_PROGRESS)
2025-03-09 14:54:12,119 - INFO - \u23f3 API iþlemi devam ediyor... (IN_PROGRESS)
2025-03-09 14:54:15,794 - INFO - \u2705 API iþlemi tamamlandý.
2025-03-09 14:54:15,796 - INFO - Kullanýcý: sa, Bot: {'output': 'Cevap: SA, üç farklý anlam altýnda incelenmektedir. Ýlk olarak, SA Nazi Almanyasýnda bir paramiliter örgüt olarak bahsedilmiþtir. Bu örgüt, Adolf Hitler\'in iktidara yükseliþinde þiddetli tehdit kullanarak önemli bir rol oynadý. SA liderliði, Hitler\'in Nazi Partisi için gelecek planlarýný tehdit ettiðinde, Hitler onlarý "Kan Süpürge" olarak bilinen bir olayda öldürdü (30 Haziran 1934).\n\nÝkinci olarak, SA San Antonio için bir rehber olarak bahsedilmiþtir. Bu rehber, yerel siyasi, müzik, gece hayatý, yemek, görsel ve sahne sanatlarý ve daha fazlasý hakkýnda akýllý ve bazen keskin bir spin sunmaktadýr. San Antonio\'nun en favori alternatif...\n\nÜçüncü olarak, SA Güney Afrika Cumhuriyeti olarak bahsedilmiþtir. Güney Afrika, Afrika\'nýn güneyinde yer almaktadýr. Ülkenin dokuz bölgesi, Güney Atlantik ve Hint Okyanusu boyunca 2.798 kilometre (1.739 mil) uzunluðunda bir kýyý þeridine sahiptir. Ülkenin kuzeyinde Namibya, Botsvana ve Zimbabve; doðusunda ve kuzeydoðusunda Mozambik ve Esvatini... SAWS, San Antonio bölgesinde 2 milyon müþterisine su ve atýk su hizmetlerini saðlar ve sektörümüzde hizmet ve su korumasýnda standartlarý belirlemektedir.', 'references': ['SA | Definition, History, & Facts | Britannica - https://www.britannica.com/topic/SA-Nazi-organization', 'San Antonio Current - https://www.sacurrent.com/', 'South Africa - Wikipedia - https://en.wikipedia.org/wiki/South_Africa', 'Home - San Antonio Water System - https://www.saws.org/'], 'voice_url': 'ElevenLabs TTS error: 401 {"detail":{"status":"quota_exceeded","message":"This request exceeds your quota of 10000. You have 392 credits remaining, while 575 credits are required for this request."}}'}
2025-03-09 14:58:02,488 - INFO - Yeni sohbet baþlatýldý: Chat 1
2025-03-09 14:58:06,498 - INFO - Kullanýcýdan gelen istek: sa
2025-03-09 14:58:07,321 - INFO - \u2705 API isteði alýndý: ID 8bc40fc9-72a3-42fd-aa9b-77f46ebffe93-e1
2025-03-09 14:58:07,956 - INFO - \u23f3 API iþlemi devam ediyor... (IN_QUEUE)
2025-03-09 14:58:11,730 - INFO - \u23f3 API iþlemi devam ediyor... (IN_PROGRESS)
2025-03-09 14:58:15,409 - INFO - \u23f3 API iþlemi devam ediyor... (IN_PROGRESS)
2025-03-09 14:58:19,108 - INFO - \u2705 API iþlemi tamamlandý.
2025-03-09 14:58:19,112 - INFO - Kullanýcý: sa, Bot: {'output': 'Soru: SA\n\nCevap: SA, Almanya Nazi Partisi\'nde paramiliter bir örgütlenmeydi. Adolf Hitler\'in iktidarýna yol açan þiddetli tehdit ve intikamýn bir rolü oynadý. SA liderliði Hitler\'in Nazi Partisi\'ndeki gelecek planlarýný tehdit ettiðinde, onlarý "Kan Süpürge" olarak bilinen "Uzun Kýlýçlarýn Gecesi" (30 Haziran 1934) tarihinde öldürdü.\n\nDiðer anlamýnda, Güney Afrika, resmi olarak Güney Afrika Cumhuriyeti (RSA), Afrika\'nýn güneyinde yer alan bir ülkedir. Dokuz eyaleti, Güney Atlantik ve Hint Okyanusu\'ndaki 2.798 kilometre (1.739 mil) uzunluðundaki kýyý hattý ile güneyde, Namibya, Botsvana ve Zimbabve ile kuzeyde, Mozambik ve Esvatini ile doðu ve kuzeydoðu yönlerinde sýnýrlandýrýlmýþtýr.\n\nAmerika Birleþik Devletleri (ABD), Güney Afrika\'nýn büyük ticaret ortaklarýndan ve baðýþçýlardan biridir, ancak SA\'nýn desteði olmadan overnight çökmeyecektir. 2023 raporlarýna göre,...', 'references': ['SA | Definition, History, & Facts | Britannica - https://www.britannica.com/topic/SA-Nazi-organization', 'South Africa - Wikipedia - https://en.wikipedia.org/wiki/South_Africa', "SA won't collapse without US funding, but relations vital for trade - https://www.thesouthafrican.com/news/business-news-and-finance/sa-wont-collapse-without-us-funding-but-relations-vital-for-trade/", 'IRS Form 1099-SA: What It Is, Who Has to File, and How - Investopedia - https://www.investopedia.com/1099-sa-form-understanding-your-1099-sa-form-4782433'], 'voice_url': 'ElevenLabs TTS error: 401 {"detail":{"status":"quota_exceeded","message":"This request exceeds your quota of 10000. You have 392 credits remaining, while 440 credits are required for this request."}}'}
2025-03-09 14:59:34,668 - INFO - Kullanýcýdan gelen istek: mehmet þimþek kimdir
2025-03-09 14:59:35,505 - INFO - \u2705 API isteði alýndý: ID 65509166-5720-4a7b-b6df-b7dd09a26983-e1
2025-03-09 14:59:36,163 - INFO - \u23f3 API iþlemi devam ediyor... (IN_QUEUE)
2025-03-09 14:59:39,788 - INFO - \u23f3 API iþlemi devam ediyor... (IN_PROGRESS)
2025-03-09 14:59:43,425 - INFO - \u2705 API iþlemi tamamlandý.
2025-03-09 14:59:43,428 - INFO - Kullanýcý: mehmet þimþek kimdir, Bot: {'output': 'Mehmet Þimþek, 1 Ocak 1967 tarihinde Batman ilinin Gercüþ ilçesine baðlý Arýca (Kefre) köyünde doðmuþtur.', 'references': ['Mehmet Þimþek Kimdir? Mehmet Þimþek Kaç Yaþýnda, Nereli? Hayatý ... - https://biyopedi.com/biyografi/mehmet-simsek-kimdir', 'Hazine ve Maliye Bakaný Kimdir: Mehmet Þimþek Kimdir, Aslen Nereli ... - https://www.antalyahakkinda.com/haber/23429781/hazine-ve-maliye-bakani-kimdir-mehmet-simsek-kimdir-aslen-nereli-kiminle-evli', 'Mehmet Þimþek Kimdir, Nereli? Mehmet Þimþek Hayatý ve Biyografisi - https://ogrencigundemi.com/mehmet-simsek-kimdir-nereli-mehmet-simsek-hayati-ve-biyografisi/', 'Mehmet Þimþek Kimdir? - yeniizmir.com - https://www.yeniizmir.com/mehmet-simsek-kimdir/318933/'], 'voice_url': 'https://enocta-app.s3.amazonaws.com/output-cb29f4a8-04da-4087-bf45-bc7f1e49bd96.mp3?AWSAccessKeyId=AKIA5MSUB4NUYOHZUT5C&Signature=O1WWvH0GBV1FY1fYMd505EdOxR4%3D&Expires=1741607980'}
2025-03-09 15:02:42,839 - INFO - Yeni sohbet baþlatýldý: Chat 1
2025-03-09 15:02:49,056 - INFO - Kullanýcýdan gelen istek: iki kelime yaz.
2025-03-09 15:02:49,845 - INFO - \u2705 API isteði alýndý: ID d0941978-7766-4b69-8192-829714dd2176-e1
2025-03-09 15:02:50,475 - INFO - \u23f3 API iþlemi devam ediyor... (IN_QUEUE)
2025-03-09 15:02:54,197 - INFO - \u23f3 API iþlemi devam ediyor... (IN_PROGRESS)
2025-03-09 15:02:57,833 - INFO - \u2705 API iþlemi tamamlandý.
2025-03-09 15:02:57,837 - INFO - Kullanýcý: iki kelime yaz., Bot: {'output': 'Bu konuþmada Mevlüt Dinç, oyun sektöründe baþarý þansý ve pazarlama konusunu tartýþýyor. Ýki kelime yaz: "Hayat Oyun".', 'references': ['Bitiþik Ve Ayrý Yazýlan Kelimeleri Nasýl Ayýrt Ederiz - https://turkcekitabi.com/bitisik-ve-ayri-yazilan-kelimeleri-nasil-ayirt-ederiz/', 'On Ikiyi Nasýl Yazýlýr ? | BilgiKadýný - Kadýnlarýn Bilgi ve Deneyim ... - https://bilgikadini.com/threads/on-ikiyi-nasil-yazilir.20689/', 'ayrý yazýlan birleþik kelimeler nelerdir, ayrý yazýlan kelimeler ... - https://ilerlet.com/ayri-yazilan-birlesik-kelimeler', 'Bitiþik yazýlan birleþik kelimeler - Sorumatik - https://sorumatik.co/t/bitisik-yazilan-birlesik-kelimeler/126906'], 'voice_url': 'https://enocta-app.s3.amazonaws.com/output-f4e013c7-7d92-4db1-b39b-b6b5209dcacc.mp3?AWSAccessKeyId=AKIA5MSUB4NUYOHZUT5C&Signature=qhW84NGS%2B8lzoKTAJzSyTvlMA%2F8%3D&Expires=1741608174'}
2025-03-09 15:05:42,100 - INFO - Yeni sohbet baþlatýldý: Chat 1
2025-03-09 15:05:48,032 - INFO - Kullanýcýdan gelen istek: iki kelime yaz.
2025-03-09 15:05:49,000 - INFO - \u2705 API isteði alýndý: ID c2d8c94e-af1f-4487-a39a-c38d2bdd33d8-e1
2025-03-09 15:05:49,665 - INFO - \u23f3 API iþlemi devam ediyor... (IN_QUEUE)
2025-03-09 15:05:53,416 - INFO - \u2705 API iþlemi tamamlandý.
2025-03-09 15:05:53,420 - INFO - Kullanýcý: iki kelime yaz., Bot: {'output': 'Soru: iki kelime yaz.\n\nCevap: Oyun, Hayat.', 'references': ['Bitiþik Ve Ayrý Yazýlan Kelimeleri Nasýl Ayýrt Ederiz - https://turkcekitabi.com/bitisik-ve-ayri-yazilan-kelimeleri-nasil-ayirt-ederiz/', 'ayrý yazýlan birleþik kelimeler nelerdir, ayrý yazýlan kelimeler ... - https://ilerlet.com/ayri-yazilan-birlesik-kelimeler', 'Ayrý Yazýlan Birleþik Kelimeler Ne Demek - katamino.com.tr - https://katamino.com.tr/ayri-yazilan-birlesik-kelimeler-ne-demek/', 'On Ikiyi Nasýl Yazýlýr ? | BilgiKadýný - Kadýnlarýn Bilgi ve Deneyim ... - https://bilgikadini.com/threads/on-ikiyi-nasil-yazilir.20689/'], 'voice_url': 'https://enocta-app.s3.amazonaws.com/output-180def21-148e-4dbb-9c3b-4c3b9f3ae554.mp3?AWSAccessKeyId=AKIA5MSUB4NUYOHZUT5C&Signature=hziAyksICgMdOokPBqw7gGkP79w%3D&Expires=1741608352'}
2025-03-09 15:07:50,313 - INFO - Yeni sohbet baþlatýldý: Chat 1
2025-03-09 15:07:55,207 - INFO - Kullanýcýdan gelen istek: iki kelime yaz.
2025-03-09 15:07:56,028 - INFO - \u2705 API isteði alýndý: ID 46c24453-42a7-431b-a1e4-706b1be7a38a-e1
2025-03-09 15:07:56,655 - INFO - \u23f3 API iþlemi devam ediyor... (IN_QUEUE)
2025-03-09 15:08:00,293 - INFO - \u23f3 API iþlemi devam ediyor... (IN_PROGRESS)
2025-03-09 15:08:03,997 - INFO - \u2705 API iþlemi tamamlandý.
2025-03-09 15:08:04,000 - INFO - Kullanýcý: iki kelime yaz., Bot: {'output': 'Bu konuþma Mevlüt Dinç\'in hayatýný ve oyun sektöründeki tecrübelerini konu ediyor. Ýki kelime yaz: "Hayat Oyun".', 'references': ['Bitiþik Ve Ayrý Yazýlan Kelimeleri Nasýl Ayýrt Ederiz - https://turkcekitabi.com/bitisik-ve-ayri-yazilan-kelimeleri-nasil-ayirt-ederiz/', 'On Ikiyi Nasýl Yazýlýr ? | BilgiKadýný - Kadýnlarýn Bilgi ve Deneyim ... - https://bilgikadini.com/threads/on-ikiyi-nasil-yazilir.20689/', 'ayrý yazýlan birleþik kelimeler nelerdir, ayrý yazýlan kelimeler ... - https://ilerlet.com/ayri-yazilan-birlesik-kelimeler', 'Bitiþik yazýlan birleþik kelimeler - Sorumatik - https://sorumatik.co/t/bitisik-yazilan-birlesik-kelimeler/126906'], 'voice_url': 'https://enocta-app.s3.amazonaws.com/output-397f3432-b236-47f9-82c1-5af9f5de6bd0.mp3?AWSAccessKeyId=AKIA5MSUB4NUYOHZUT5C&Signature=kXP6fo48pvdR51L%2BqBo3bKqbD04%3D&Expires=1741608480'}
2025-03-09 15:12:22,724 - INFO - Yeni sohbet baþlatýldý: Chat 1
2025-03-09 15:12:27,425 - INFO - Kullanýcýdan gelen istek: iki kelime yaz.
2025-03-09 15:12:28,282 - INFO - \u2705 API isteði alýndý: ID 40941b17-f39d-490c-a8be-45674e2b825f-e1
2025-03-09 15:12:28,909 - INFO - \u23f3 API iþlemi devam ediyor... (IN_QUEUE)
2025-03-09 15:12:32,544 - INFO - \u23f3 API iþlemi devam ediyor... (IN_PROGRESS)
2025-03-09 15:12:36,251 - INFO - \u2705 API iþlemi tamamlandý.
2025-03-09 15:12:36,254 - INFO - Kullanýcý: iki kelime yaz., Bot: {'output': 'Bu konuþma Mevlüt Dinç\'le ilgili bir röportaj veya mülakat gibi görünüyor. Mevlüt Dinç, oyun sektöründe çalýþýyor ve çeþitli konularý tartýþýyor. Ýki kelime yazmak istiyorsanýz, "Oyun" ve "Federasyon" kelimelerini yazabilirsiniz.', 'references': ['Bitiþik Ve Ayrý Yazýlan Kelimeleri Nasýl Ayýrt Ederiz - https://turkcekitabi.com/bitisik-ve-ayri-yazilan-kelimeleri-nasil-ayirt-ederiz/', 'ayrý yazýlan birleþik kelimeler nelerdir, ayrý yazýlan kelimeler ... - https://ilerlet.com/ayri-yazilan-birlesik-kelimeler', 'Bitiþik yazýlan birleþik kelimeler - Sorumatik - https://sorumatik.co/t/bitisik-yazilan-birlesik-kelimeler/126906', 'Ayrý Yazýlan Birleþik Kelimeler Ne Demek - katamino.com.tr - https://katamino.com.tr/ayri-yazilan-birlesik-kelimeler-ne-demek/'], 'voice_url': 'https://enocta-app.s3.amazonaws.com/output-1e022a97-e61e-421b-ad9e-202cda780f71.mp3?AWSAccessKeyId=AKIA5MSUB4NUYOHZUT5C&Signature=p5SNdElKj70HHvLnYmPgFN%2FhFrg%3D&Expires=1741608755'}
2025-03-09 15:13:04,063 - INFO - Kullanýcýdan gelen istek: iki kelime yaz 31.
2025-03-09 15:13:04,786 - INFO - \u2705 API isteði alýndý: ID 953e9304-89f3-448b-9c5d-0c4745e174be-e1
2025-03-09 15:13:05,421 - INFO - \u23f3 API iþlemi devam ediyor... (IN_QUEUE)
2025-03-09 15:13:09,076 - INFO - \u23f3 API iþlemi devam ediyor... (IN_PROGRESS)
2025-03-09 15:13:12,756 - INFO - \u2705 API iþlemi tamamlandý.
2025-03-09 15:13:12,759 - INFO - Kullanýcý: iki kelime yaz 31., Bot: {'output': 'I\'d be happy to assist you in answering the questions.\n\nThe two words that come to mind when reading the text are "Sanat" and "Toplum".\n\n"Sanat" refers to the artistic and creative aspects of the conversation, as the speaker is talking about Barbara\'s music and the art pieces in the house. The speaker also mentions their own passion for Barbara\'s music and the concerts they attended.\n\n"Toplum" refers to the concept of community and social responsibility. The speaker emphasizes the importance of investing time and resources in social causes and mentions their own involvement in various organizations. They also mention the role of civil society in driving progress and development in Western societies.\n\nOverall, the conversation is about the intersection of art, music, and social responsibility, and how these elements can come together to create a meaningful and fulfilling life.', 'references': ['Bitiþik Ve Ayrý Yazýlan Kelimeleri Nasýl Ayýrt Ederiz - https://turkcekitabi.com/bitisik-ve-ayri-yazilan-kelimeleri-nasil-ayirt-ederiz/', 'ayrý yazýlan birleþik kelimeler nelerdir, ayrý yazýlan kelimeler ... - https://ilerlet.com/ayri-yazilan-birlesik-kelimeler', 'Ayrý Yazýlan Birleþik Kelimeler Ne Demek - katamino.com.tr - https://katamino.com.tr/ayri-yazilan-birlesik-kelimeler-ne-demek/', 'bir araya nasýl yazýlýr? tdk - Nasýl Yazýlýr (Doðru Yazým Klavuzu) - https://nasil.yazilir.com.tr/bir-araya-nasil-yazilir-tdk/'], 'voice_url': 'ElevenLabs TTS error: 401 {"detail":{"status":"quota_exceeded","message":"This request exceeds your quota of 10000. You have 88 credits remaining, while 444 credits are required for this request."}}'}
2025-03-09 15:13:40,299 - INFO - Yeni sohbet baþlatýldý: Chat 2
2025-03-09 15:13:44,917 - INFO - Kullanýcýdan gelen istek: iki kelime yaz.
2025-03-09 15:13:45,624 - INFO - \u2705 API isteði alýndý: ID f0365f3e-5902-46f7-b326-a19e47b1a7f2-e1
2025-03-09 15:13:46,257 - INFO - \u23f3 API iþlemi devam ediyor... (IN_QUEUE)
2025-03-09 15:13:49,900 - INFO - \u23f3 API iþlemi devam ediyor... (IN_PROGRESS)
2025-03-09 15:13:53,549 - INFO - \u2705 API iþlemi tamamlandý.
2025-03-09 15:13:53,551 - INFO - Kullanýcý: iki kelime yaz., Bot: {'output': 'What a fascinating conversation! Mevlüt Dinç, a renowned game developer, is sharing his thoughts on the gaming industry, his personal life, and his experiences.\n\nThe two words he wrote are: "Hayat Oyun" which translates to "Life Game" in English. This phrase is a metaphor that Mevlüt uses to describe his life, comparing it to a game. He believes that life is a game where we make choices, take risks, and navigate through challenges, just like in a video game.\n\nThis phrase is also reflective of his perspective on the gaming industry, where he sees games as a way to engage people, tell stories, and create experiences that can be both entertaining and educational.', 'references': ['Bitiþik Ve Ayrý Yazýlan Kelimeleri Nasýl Ayýrt Ederiz - https://turkcekitabi.com/bitisik-ve-ayri-yazilan-kelimeleri-nasil-ayirt-ederiz/', 'ayrý yazýlan birleþik kelimeler nelerdir, ayrý yazýlan kelimeler ... - https://ilerlet.com/ayri-yazilan-birlesik-kelimeler', 'Bitiþik yazýlan birleþik kelimeler - Sorumatik - https://sorumatik.co/t/bitisik-yazilan-birlesik-kelimeler/126906', 'Ayrý Yazýlan Birleþik Kelimeler Ne Demek - katamino.com.tr - https://katamino.com.tr/ayri-yazilan-birlesik-kelimeler-ne-demek/'], 'voice_url': 'ElevenLabs TTS error: 401 {"detail":{"status":"quota_exceeded","message":"This request exceeds your quota of 10000. You have 88 credits remaining, while 334 credits are required for this request."}}'}
2025-03-09 15:14:24,056 - INFO - Kullanýcýdan gelen istek: seçilim algoritmasý
2025-03-09 15:14:24,780 - INFO - \u2705 API isteði alýndý: ID 2f157e51-08bc-4777-af67-37319b57873f-e1
2025-03-09 15:14:25,424 - INFO - \u23f3 API iþlemi devam ediyor... (IN_QUEUE)
2025-03-09 15:14:29,073 - INFO - \u23f3 API iþlemi devam ediyor... (IN_PROGRESS)
2025-03-09 15:14:32,733 - INFO - \u23f3 API iþlemi devam ediyor... (IN_PROGRESS)
2025-03-09 15:14:36,374 - INFO - \u23f3 API iþlemi devam ediyor... (IN_PROGRESS)
2025-03-09 15:14:40,041 - INFO - \u2705 API iþlemi tamamlandý.
2025-03-09 15:14:40,046 - INFO - Kullanýcý: seçilim algoritmasý, Bot: {'output': 'Merhaba Suat Baysan, teþekkür ederim için davetinizi. 40 yýlýn deneyimini ve sektördeki çalýþmalarýný deðerlendirmek için sizden çok teþekkür ederim.\n\nSeçilim algoritmasý, yapay zekanýn bir parçasý olarak, makinelerin karar verme sürecinde kullanýlan bir algoritmadýr. Bu algoritma, veri setine dayalý olarak, en iyi sonucu veren seçimi belirlemek için kullanýlýr.\n\nSizin de belirttiðiniz gibi, yapay zeka, enerji optimizasyonu konusunda nasýl kullanýlabilir? Yapay zeka, enerji tüketimini optimize etmek için, enerji kullanýmýný analiz etmek ve tahmin etmek için kullanýlýr. Örneðin, bir binanýn enerji tüketimini optimize etmek için, yapay zeka, enerji kullanýmýný analiz eder ve en iyi sonucu veren seçimi belirlemek için kullanýlýr.\n\nYapay zeka, enerji optimizasyonu konusunda, þu anda kullanýlmakta olan yöntemlerin birçoðunu aþar. Yapay zeka, enerji kullanýmýný analiz etmek ve tahmin etmek için, veri setine dayalý olarak, en iyi sonucu veren seçimi belirlemek için kullanýlýr.\n\nSizin de belirttiðiniz gibi, yapay zeka, enerji optimizasyonu konusunda, þu anda kullanýlmakta olan yöntemlerin birçoðunu aþar. Yapay zeka, enerji kullanýmýný analiz etmek ve tahmin etmek için, veri setine dayalý olarak, en iyi sonucu veren seçimi belirlemek için kullanýlýr.\n\nBilmiyorum.', 'references': ['Seçmeli Sýralama (Selection Sort) Algoritmasý Nedir? Adým Adým ... - https://www.yusuffyk.com/secmeli-siralama-selection-sort-algoritmasi-nedir-adim-adim-uygulamali-ornek-ile-detayli-anlatim/', 'Seçim Sýralamasý: Algoritmanýn açýklamasý Python Kod Örneði - https://www.guru99.com/tr/selection-sort-algorithm.html', '(PDF) Farksal Geliþim Algoritmasý - ResearchGate - https://www.researchgate.net/publication/387786081_Farksal_Gelisim_Algoritmasi', 'Sýralama Algoritmalarý ve Karþýlaþtýrmalý Analizi - Segola.com - https://segola.com/algoritma/siralama-algoritmalari-ve-karsilastirmali-analizi'], 'voice_url': 'ElevenLabs TTS error: 401 {"detail":{"status":"detected_unusual_activity","message":"Unusual activity detected. Free Tier usage disabled. If you are using a proxy/VPN you might need to purchase a Paid Plan to not trigger our abuse detectors. Free Tier only works if users do not abuse it, for example by creating multiple free accounts. If we notice that many people try to abuse it, we will need to reconsider Free Tier altogether. \\nPlease play fair and purchase any Paid Subscription to continue."}}'}
2025-03-09 15:16:19,647 - INFO - Yeni sohbet baþlatýldý: Chat 1
2025-03-09 15:16:23,412 - INFO - Kullanýcýdan gelen istek: seçilim algoritmasý
2025-03-09 15:16:24,255 - INFO - \u2705 API isteði alýndý: ID 110d343c-4696-4f6a-85ac-53c314b08ac9-e1
2025-03-09 15:16:24,929 - INFO - \u23f3 API iþlemi devam ediyor... (IN_QUEUE)
2025-03-09 15:16:28,559 - INFO - \u23f3 API iþlemi devam ediyor... (IN_PROGRESS)
2025-03-09 15:16:32,200 - INFO - \u23f3 API iþlemi devam ediyor... (IN_PROGRESS)
2025-03-09 15:16:35,846 - INFO - \u23f3 API iþlemi devam ediyor... (IN_PROGRESS)
2025-03-09 15:16:39,545 - INFO - \u23f3 API iþlemi devam ediyor... (IN_PROGRESS)
2025-03-09 15:16:43,206 - INFO - \u2705 API iþlemi tamamlandý.
2025-03-09 15:16:43,209 - INFO - Kullanýcý: seçilim algoritmasý, Bot: {'output': "Merhaba Suat Baysan, hoþ geldiniz. Seçilim algoritmasýyla ilgili bir sorunuz var, deðil mi? Seçilim algoritmasý, bir karar verme sürecinde kullanýlmakta olan bir algoritmadýr. Bu algoritma, çeþitli seçeneklerin arasýndan en iyi seçeneði belirlemek için kullanýlýr.\n\nSeçilim algoritmasý, farklý alanlarda kullanýlmaktadýr. Örneðin, yapay zeka sistemlerinde, karar verme sürecinde kullanýlmaktadýr. Ayrýca, optimizasyon problemlerinde, en iyi çözümü bulmaya yardýmcý olmaktadýr.\n\nTürkiye'de yapýlan çalýþmalara göre, seçilim algoritmasý, yapay zeka sistemlerinde kullanýlmaktadýr. Örneðin, enerji optimizasyonu konusunda, yapay zeka algoritmasý kullanýlmaktadýr. Bu algoritma, enerji tüketimini azaltmaya yardýmcý olmaktadýr.\n\nSizin de yapay zeka çalýþmalarda bulunduðunu ve enerji optimizasyonu konusunda çalýþtýðýnýzý söyledi. Yapay zeka algoritmasý, enerji tüketimini azaltmaya yardýmcý olmaktadýr. Bu algoritma, enerji tüketimini optimize etmek için, çeþitli seçeneklerin arasýndan en iyi seçeneði belirlemektedir.\n\nSeçilim algoritmasý, karar verme sürecinde kullanýlmaktadýr. Bu algoritma, çeþitli seçeneklerin arasýndan en iyi seçeneði belirlemek için kullanýlýr. Ayrýca, optimizasyon problemlerinde, en iyi çözümü bulmaya yardýmcý olmaktadýr.\n\nYapay zeka sistemlerinde, seçilim algoritmasý kullanýlmaktadýr. Bu algoritma, karar verme sürecinde kullanýlmaktadýr. Ayrýca, enerji optimizasyonu konusunda, yapay zeka algoritmasý kullanýlmaktadýr.\n\nSeçilim algoritmasý, Türkiye'de yapýlan çalýþmalara göre, yapay zeka sistemlerinde kullanýlmaktadýr. Yapay zeka algoritmasý, enerji tüketimini azaltmaya yardýmcý olmaktadýr. Bu algoritma, enerji tüketimini optimize etmek için, çeþitli seçeneklerin arasýndan en iyi seçeneði belirlemektedir.\n\nSizin de yapay zeka çalýþmalarda bulunduðunu söyledi. Yapay zeka algoritmasý, enerji tüketimini azaltmaya yardýmcý olmaktadýr. Bu algoritma, enerji tüketimini optimize etmek için, çeþitli seçeneklerin arasýndan en iyi seçeneði belirlemekted", 'references': ['Seçmeli Sýralama (Selection Sort) Algoritmasý Nedir? Adým Adým ... - https://www.yusuffyk.com/secmeli-siralama-selection-sort-algoritmasi-nedir-adim-adim-uygulamali-ornek-ile-detayli-anlatim/', 'Algoritmalar Bölüm 1 - Seçme Sýralamasý(Selection Sort) - https://hasancelik.org/algorithms/algorithms-part1-selection-sort/', 'Seçim Sýralamasý: Algoritmanýn açýklamasý Python Kod Örneði - https://www.guru99.com/tr/selection-sort-algorithm.html', 'Sýralama Algoritmalarý ve Karþýlaþtýrmalý Analizi - Segola.com - https://segola.com/algoritma/siralama-algoritmalari-ve-karsilastirmali-analizi'], 'voice_url': 'ElevenLabs TTS error: 401 {"detail":{"status":"quota_exceeded","message":"This request exceeds your quota of 10000. You have 88 credits remaining, while 991 credits are required for this request."}}'}
2025-03-09 15:16:43,235 - WARNING - Ses dosyasý oynatýlamadý: ElevenLabs TTS error: 401 {"detail":{"status":"quota_exceeded","message":"This request exceeds your quota of 10000. You have 88 credits remaining, while 991 credits are required for this request."}}
2025-03-09 18:56:58,601 - INFO - Yeni sohbet baþlatýldý: Chat 1
2025-03-09 18:57:10,050 - INFO - Kullanýcýdan gelen istek: iki kelime yaz sadece
2025-03-09 18:57:11,608 - INFO - \u2705 API isteði alýndý: ID 4f72e217-1133-4526-90bb-64b4d3020ea2-e1
2025-03-09 18:57:12,329 - INFO - \u23f3 API iþlemi devam ediyor... (IN_QUEUE)
2025-03-09 18:57:15,975 - INFO - \u23f3 API iþlemi devam ediyor... (IN_QUEUE)
2025-03-09 18:57:19,684 - INFO - \u23f3 API iþlemi devam ediyor... (IN_QUEUE)
2025-03-09 18:57:23,434 - INFO - \u23f3 API iþlemi devam ediyor... (IN_QUEUE)
2025-03-09 18:57:27,151 - INFO - \u23f3 API iþlemi devam ediyor... (IN_QUEUE)
2025-03-09 18:57:30,822 - INFO - \u23f3 API iþlemi devam ediyor... (IN_QUEUE)
2025-03-09 18:57:34,472 - INFO - \u23f3 API iþlemi devam ediyor... (IN_QUEUE)
2025-03-09 18:57:38,109 - INFO - \u23f3 API iþlemi devam ediyor... (IN_QUEUE)
2025-03-09 18:57:41,871 - INFO - \u23f3 API iþlemi devam ediyor... (IN_QUEUE)
2025-03-09 18:57:45,556 - INFO - \u23f3 API iþlemi devam ediyor... (IN_QUEUE)
2025-03-09 18:57:49,205 - INFO - \u23f3 API iþlemi devam ediyor... (IN_QUEUE)
2025-03-09 18:57:52,870 - INFO - \u23f3 API iþlemi devam ediyor... (IN_QUEUE)
2025-03-09 18:57:56,561 - INFO - \u23f3 API iþlemi devam ediyor... (IN_QUEUE)
2025-03-09 18:58:00,272 - INFO - \u23f3 API iþlemi devam ediyor... (IN_QUEUE)
2025-03-09 18:58:03,918 - INFO - \u23f3 API iþlemi devam ediyor... (IN_QUEUE)
2025-03-09 18:58:07,590 - INFO - \u23f3 API iþlemi devam ediyor... (IN_QUEUE)
2025-03-09 18:58:11,226 - INFO - \u23f3 API iþlemi devam ediyor... (IN_QUEUE)
2025-03-09 18:58:14,884 - INFO - \u23f3 API iþlemi devam ediyor... (IN_QUEUE)
2025-03-09 18:58:18,594 - INFO - \u23f3 API iþlemi devam ediyor... (IN_QUEUE)
2025-03-09 18:58:22,237 - INFO - \u23f3 API iþlemi devam ediyor... (IN_QUEUE)
2025-03-09 18:58:25,885 - INFO - \u23f3 API iþlemi devam ediyor... (IN_QUEUE)
2025-03-09 18:58:26,060 - INFO - Kullanýcýdan gelen istek: iki kelime yaz sadece
2025-03-09 18:58:26,831 - INFO - \u2705 API isteði alýndý: ID 694db975-0075-4841-909c-a996b1b640c1-e1
2025-03-09 18:58:27,525 - INFO - \u23f3 API iþlemi devam ediyor... (IN_QUEUE)
2025-03-09 18:58:29,530 - INFO - \u23f3 API iþlemi devam ediyor... (IN_QUEUE)
2025-03-09 18:58:31,165 - INFO - \u23f3 API iþlemi devam ediyor... (IN_QUEUE)
2025-03-09 18:58:33,204 - INFO - \u23f3 API iþlemi devam ediyor... (IN_QUEUE)
2025-03-09 18:58:34,810 - INFO - \u23f3 API iþlemi devam ediyor... (IN_QUEUE)
2025-03-09 18:58:36,866 - INFO - \u23f3 API iþlemi devam ediyor... (IN_QUEUE)
2025-03-09 18:58:38,487 - INFO - \u23f3 API iþlemi devam ediyor... (IN_QUEUE)
2025-03-09 18:58:40,496 - INFO - \u23f3 API iþlemi devam ediyor... (IN_QUEUE)
2025-03-09 18:58:42,143 - INFO - \u23f3 API iþlemi devam ediyor... (IN_QUEUE)
2025-03-09 18:58:44,211 - INFO - \u23f3 API iþlemi devam ediyor... (IN_QUEUE)
2025-03-09 18:58:45,801 - INFO - \u23f3 API iþlemi devam ediyor... (IN_QUEUE)
2025-03-09 18:58:47,885 - INFO - \u23f3 API iþlemi devam ediyor... (IN_PROGRESS)
2025-03-09 18:58:49,472 - INFO - \u23f3 API iþlemi devam ediyor... (IN_QUEUE)
2025-03-09 18:58:51,521 - INFO - \u2705 API iþlemi tamamlandý.
2025-03-09 18:58:53,131 - INFO - \u23f3 API iþlemi devam ediyor... (IN_PROGRESS)
2025-03-09 18:58:56,789 - INFO - \u2705 API iþlemi tamamlandý.
2025-03-09 18:58:56,793 - INFO - Kullanýcý: iki kelime yaz sadece, Bot: {'output': "Cevap: Þerif Kaynar, Ayvalýk'taki evinde sanatçýlarý aðýrlýyor.", 'references': ['On Ikiyi Nasýl Yazýlýr ? | BilgiKadýný - Kadýnlarýn Bilgi ve Deneyim ... - https://bilgikadini.com/threads/on-ikiyi-nasil-yazilir.20689/', 'Leyh Mi Leh Mi ? | Ütopya Forum - https://www.utopyaforum.com/threads/leyh-mi-leh-mi.275026/', 'deðilde nasýl yazýlýr? - Nasýl Yazýlýr (Doðru Yazým Klavuzu) - https://nasil.yazilir.com.tr/degilde-nasil-yazilir/', "Türkçe'de yazýmý karýþtýrýlan kelimeler nelerdir - Sorumatik - https://sorumatik.co/t/turkcede-yazimi-karistirilan-kelimeler-nelerdir/136566"], 'voice_url': 'https://enocta-app.s3.amazonaws.com/output-d08fee98-b0c8-4a57-b6c6-a188d7694cd9.mp3?AWSAccessKeyId=AKIA5MSUB4NUYOHZUT5C&Signature=NNBXVab0KcHVbrEWgGEV7JdZCB8%3D&Expires=1741622335'}
2025-03-09 18:59:38,326 - INFO - Yeni sohbet baþlatýldý: Chat 2
2025-03-09 18:59:51,901 - INFO - Kullanýcýdan gelen istek: iki kelime yaz. "iki kelime"
2025-03-09 18:59:52,730 - INFO - \u2705 API isteði alýndý: ID 04c00da6-64e3-4343-90c9-1befc57c370d-e1
2025-03-09 18:59:53,369 - INFO - \u23f3 API iþlemi devam ediyor... (IN_QUEUE)
2025-03-09 18:59:57,011 - INFO - \u23f3 API iþlemi devam ediyor... (IN_QUEUE)
2025-03-09 19:00:00,674 - INFO - \u23f3 API iþlemi devam ediyor... (IN_QUEUE)
2025-03-09 19:00:04,472 - INFO - \u23f3 API iþlemi devam ediyor... (IN_QUEUE)
2025-03-09 19:00:08,130 - INFO - \u23f3 API iþlemi devam ediyor... (IN_QUEUE)
2025-03-09 19:00:11,766 - INFO - \u23f3 API iþlemi devam ediyor... (IN_PROGRESS)
2025-03-09 19:00:15,398 - INFO - \u23f3 API iþlemi devam ediyor... (IN_PROGRESS)
2025-03-09 19:00:19,033 - INFO - \u23f3 API iþlemi devam ediyor... (IN_PROGRESS)
2025-03-09 19:00:22,662 - INFO - \u23f3 API iþlemi devam ediyor... (IN_PROGRESS)
2025-03-09 19:00:26,317 - INFO - \u23f3 API iþlemi devam ediyor... (IN_PROGRESS)
2025-03-09 19:00:29,936 - INFO - \u23f3 API iþlemi devam ediyor... (IN_PROGRESS)
2025-03-09 19:00:33,593 - INFO - \u23f3 API iþlemi devam ediyor... (IN_PROGRESS)
2025-03-09 19:00:37,395 - INFO - \u2705 API iþlemi tamamlandý.
2025-03-09 19:00:37,399 - INFO - Kullanýcý: iki kelime yaz. "iki kelime", Bot: {'output': 'What a fascinating conversation! I\'ll try to summarize the key points and provide some insights.\n\nThe conversation is about Mevlüt Dinç, a game developer who has created a game that has gained popularity. He\'s discussing the importance of marketing and how it\'s essential for game developers to create a warning system to prevent players from getting lost in the game.\n\nHe also shares his personal story, mentioning that he grew up in a small town, Gölköy, and his father left when he was young. He then talks about how he met his wife, who didn\'t speak Turkish, and how they learned each other\'s languages.\n\nThe conversation is also about his book, which he recommends to everyone, including game developers. He believes that his book can inspire people and help them understand the importance of marketing in the game industry.\n\nSome key points from the conversation:\n\n* The importance of marketing in the game industry\n* The need for a warning system in games to prevent players from getting lost\n* Mevlüt Dinç\'s personal story, including his childhood and how he met his wife\n* The importance of learning from others and understanding different cultures\n* The potential for his book to inspire people and help them understand the game industry\n\nAs for the two words you asked me to write, I assume you meant "iki kelime" which means "two words" in Turkish.', 'references': ['ayrý yazýlan birleþik kelimeler nelerdir, ayrý yazýlan kelimeler ... - https://ilerlet.com/ayri-yazilan-birlesik-kelimeler', 'Yalnýzca iki kelime barýndýrýr; doðru ve yanlýþ. Evet ya da hayýr ... - https://www.sorubak.com/sinav/soru/163509/', "'iþlevsel' kelimesinin eþ anlamlýsý nedir? - Nasýl Yazýlýr (Doðru Yazým ... - https://nasil.yazilir.com.tr/islevsel-es-anlamlisi/", 'Sinojektif | Belki sihirli bir iki kelime - Instagram - https://www.instagram.com/p/DBbeBrls8rj/'], 'voice_url': 'https://enocta-app.s3.amazonaws.com/output-2ff12b6d-3ddf-45df-878a-ed64b8742a18.mp3?AWSAccessKeyId=AKIA5MSUB4NUYOHZUT5C&Signature=CqXAxv1zyCm0agXMUzGUloOZWrk%3D&Expires=1741622435'}
